<?xml version="1.0" encoding="UTF-8"?>
<coverage generated="1551752020117" clover="3.2.0">
  <project timestamp="1551752020117" name="All files">
    <metrics statements="31" coveredstatements="31" conditionals="12" coveredconditionals="10" methods="11" coveredmethods="11" elements="54" coveredelements="52" complexity="0" loc="31" ncloc="31" packages="1" files="1" classes="1"/>
    <file name="bankaccount.js" path="/home/vitnija/Projects/bank-account-exercise/src/bankaccount.js">
      <metrics statements="31" coveredstatements="31" conditionals="12" coveredconditionals="10" methods="11" coveredmethods="11"/>
      <line num="2" count="20" type="stmt"/>
      <line num="3" count="20" type="stmt"/>
      <line num="4" count="5" type="cond" truecount="1" falsecount="1"/>
      <line num="5" count="5" type="stmt"/>
      <line num="8" count="20" type="stmt"/>
      <line num="9" count="20" type="stmt"/>
      <line num="12" count="1" type="stmt"/>
      <line num="13" count="10" type="cond" truecount="4" falsecount="0"/>
      <line num="14" count="2" type="stmt"/>
      <line num="15" count="2" type="stmt"/>
      <line num="16" count="2" type="stmt"/>
      <line num="19" count="1" type="stmt"/>
      <line num="20" count="2" type="cond" truecount="3" falsecount="1"/>
      <line num="21" count="2" type="cond" truecount="2" falsecount="0"/>
      <line num="22" count="1" type="stmt"/>
      <line num="23" count="1" type="stmt"/>
      <line num="24" count="1" type="stmt"/>
      <line num="27" count="1" type="stmt"/>
      <line num="28" count="1" type="stmt"/>
      <line num="29" count="1" type="stmt"/>
      <line num="32" count="1" type="stmt"/>
      <line num="34" count="3" type="stmt"/>
      <line num="35" count="3" type="stmt"/>
      <line num="36" count="3" type="stmt"/>
      <line num="39" count="4" type="stmt"/>
      <line num="40" count="4" type="stmt"/>
      <line num="43" count="1" type="stmt"/>
      <line num="44" count="2" type="stmt"/>
      <line num="47" count="1" type="stmt"/>
      <line num="48" count="2" type="stmt"/>
      <line num="51" count="1" type="stmt"/>
    </file>
  </project>
</coverage>
