{"/home/ian/CodeReviews/bank-account-exercise/src/bankaccount.js": {"path":"/home/ian/CodeReviews/bank-account-exercise/src/bankaccount.js","statementMap":{"0":{"start":{"line":2,"column":4},"end":{"line":4,"column":5}},"1":{"start":{"line":3,"column":8},"end":{"line":3,"column":54}},"2":{"start":{"line":5,"column":4},"end":{"line":5,"column":21}},"3":{"start":{"line":6,"column":4},"end":{"line":6,"column":21}},"4":{"start":{"line":7,"column":4},"end":{"line":7,"column":25}},"5":{"start":{"line":10,"column":0},"end":{"line":15,"column":2}},"6":{"start":{"line":11,"column":4},"end":{"line":11,"column":100}},"7":{"start":{"line":11,"column":51},"end":{"line":11,"column":99}},"8":{"start":{"line":12,"column":4},"end":{"line":12,"column":27}},"9":{"start":{"line":13,"column":18},"end":{"line":13,"column":39}},"10":{"start":{"line":14,"column":4},"end":{"line":14,"column":64}},"11":{"start":{"line":17,"column":0},"end":{"line":23,"column":2}},"12":{"start":{"line":18,"column":4},"end":{"line":18,"column":100}},"13":{"start":{"line":18,"column":51},"end":{"line":18,"column":99}},"14":{"start":{"line":19,"column":4},"end":{"line":19,"column":103}},"15":{"start":{"line":19,"column":32},"end":{"line":19,"column":102}},"16":{"start":{"line":20,"column":4},"end":{"line":20,"column":27}},"17":{"start":{"line":21,"column":18},"end":{"line":21,"column":39}},"18":{"start":{"line":22,"column":4},"end":{"line":22,"column":64}},"19":{"start":{"line":25,"column":0},"end":{"line":28,"column":2}},"20":{"start":{"line":26,"column":18},"end":{"line":26,"column":39}},"21":{"start":{"line":27,"column":4},"end":{"line":27,"column":56}},"22":{"start":{"line":31,"column":0},"end":{"line":40,"column":2}},"23":{"start":{"line":33,"column":22},"end":{"line":33,"column":38}},"24":{"start":{"line":34,"column":22},"end":{"line":34,"column":38}},"25":{"start":{"line":35,"column":8},"end":{"line":35,"column":29}},"26":{"start":{"line":38,"column":31},"end":{"line":38,"column":69}},"27":{"start":{"line":39,"column":4},"end":{"line":39,"column":30}},"28":{"start":{"line":42,"column":0},"end":{"line":44,"column":1}},"29":{"start":{"line":43,"column":4},"end":{"line":43,"column":95}},"30":{"start":{"line":43,"column":54},"end":{"line":43,"column":93}},"31":{"start":{"line":46,"column":0},"end":{"line":48,"column":1}},"32":{"start":{"line":47,"column":4},"end":{"line":47,"column":95}},"33":{"start":{"line":47,"column":54},"end":{"line":47,"column":93}},"34":{"start":{"line":50,"column":0},"end":{"line":50,"column":29}}},"fnMap":{"0":{"name":"BankAccount","decl":{"start":{"line":1,"column":9},"end":{"line":1,"column":20}},"loc":{"start":{"line":1,"column":27},"end":{"line":8,"column":1}},"line":1},"1":{"name":"(anonymous_1)","decl":{"start":{"line":10,"column":32},"end":{"line":10,"column":33}},"loc":{"start":{"line":10,"column":50},"end":{"line":15,"column":1}},"line":10},"2":{"name":"(anonymous_2)","decl":{"start":{"line":17,"column":33},"end":{"line":17,"column":34}},"loc":{"start":{"line":17,"column":51},"end":{"line":23,"column":1}},"line":17},"3":{"name":"(anonymous_3)","decl":{"start":{"line":25,"column":37},"end":{"line":25,"column":38}},"loc":{"start":{"line":25,"column":49},"end":{"line":28,"column":1}},"line":25},"4":{"name":"(anonymous_4)","decl":{"start":{"line":31,"column":38},"end":{"line":31,"column":39}},"loc":{"start":{"line":31,"column":50},"end":{"line":40,"column":1}},"line":31},"5":{"name":"sortByMostRecent","decl":{"start":{"line":32,"column":13},"end":{"line":32,"column":29}},"loc":{"start":{"line":32,"column":36},"end":{"line":36,"column":5}},"line":32},"6":{"name":"(anonymous_6)","decl":{"start":{"line":42,"column":39},"end":{"line":42,"column":40}},"loc":{"start":{"line":42,"column":51},"end":{"line":44,"column":1}},"line":42},"7":{"name":"(anonymous_7)","decl":{"start":{"line":43,"column":39},"end":{"line":43,"column":40}},"loc":{"start":{"line":43,"column":54},"end":{"line":43,"column":93}},"line":43},"8":{"name":"(anonymous_8)","decl":{"start":{"line":46,"column":42},"end":{"line":46,"column":43}},"loc":{"start":{"line":46,"column":54},"end":{"line":48,"column":1}},"line":46},"9":{"name":"(anonymous_9)","decl":{"start":{"line":47,"column":39},"end":{"line":47,"column":40}},"loc":{"start":{"line":47,"column":54},"end":{"line":47,"column":93}},"line":47}},"branchMap":{"0":{"loc":{"start":{"line":2,"column":4},"end":{"line":4,"column":5}},"type":"if","locations":[{"start":{"line":2,"column":4},"end":{"line":4,"column":5}},{"start":{"line":2,"column":4},"end":{"line":4,"column":5}}],"line":2},"1":{"loc":{"start":{"line":11,"column":4},"end":{"line":11,"column":100}},"type":"if","locations":[{"start":{"line":11,"column":4},"end":{"line":11,"column":100}},{"start":{"line":11,"column":4},"end":{"line":11,"column":100}}],"line":11},"2":{"loc":{"start":{"line":11,"column":8},"end":{"line":11,"column":48}},"type":"binary-expr","locations":[{"start":{"line":11,"column":8},"end":{"line":11,"column":34}},{"start":{"line":11,"column":38},"end":{"line":11,"column":48}}],"line":11},"3":{"loc":{"start":{"line":18,"column":4},"end":{"line":18,"column":100}},"type":"if","locations":[{"start":{"line":18,"column":4},"end":{"line":18,"column":100}},{"start":{"line":18,"column":4},"end":{"line":18,"column":100}}],"line":18},"4":{"loc":{"start":{"line":18,"column":8},"end":{"line":18,"column":48}},"type":"binary-expr","locations":[{"start":{"line":18,"column":8},"end":{"line":18,"column":34}},{"start":{"line":18,"column":38},"end":{"line":18,"column":48}}],"line":18},"5":{"loc":{"start":{"line":19,"column":4},"end":{"line":19,"column":103}},"type":"if","locations":[{"start":{"line":19,"column":4},"end":{"line":19,"column":103}},{"start":{"line":19,"column":4},"end":{"line":19,"column":103}}],"line":19}},"s":{"0":16,"1":1,"2":15,"3":15,"4":15,"5":1,"6":5,"7":2,"8":3,"9":3,"10":3,"11":1,"12":5,"13":2,"14":3,"15":1,"16":2,"17":2,"18":2,"19":1,"20":1,"21":1,"22":1,"23":3,"24":3,"25":3,"26":4,"27":4,"28":1,"29":1,"30":2,"31":1,"32":1,"33":2,"34":1},"f":{"0":16,"1":5,"2":5,"3":1,"4":4,"5":3,"6":1,"7":2,"8":1,"9":2},"b":{"0":[1,15],"1":[2,3],"2":[5,4],"3":[2,3],"4":[5,4],"5":[1,2]},"_coverageSchema":"43e27e138ebf9cfc5966b082cf9a028302ed4184","hash":"6e4daac293d0e40f4bbf32563cc1e5d237d96ba4"}
}
