{"/home/vitnija/Projects/bank-account-exercise/src/bankaccount.js": {"path":"/home/vitnija/Projects/bank-account-exercise/src/bankaccount.js","statementMap":{"0":{"start":{"line":2,"column":4},"end":{"line":2,"column":21}},"1":{"start":{"line":3,"column":4},"end":{"line":7,"column":6}},"2":{"start":{"line":4,"column":8},"end":{"line":6,"column":9}},"3":{"start":{"line":5,"column":12},"end":{"line":5,"column":58}},"4":{"start":{"line":8,"column":4},"end":{"line":8,"column":21}},"5":{"start":{"line":9,"column":4},"end":{"line":9,"column":25}},"6":{"start":{"line":12,"column":0},"end":{"line":17,"column":2}},"7":{"start":{"line":13,"column":4},"end":{"line":13,"column":100}},"8":{"start":{"line":13,"column":51},"end":{"line":13,"column":99}},"9":{"start":{"line":14,"column":4},"end":{"line":14,"column":27}},"10":{"start":{"line":15,"column":18},"end":{"line":15,"column":39}},"11":{"start":{"line":16,"column":4},"end":{"line":16,"column":64}},"12":{"start":{"line":19,"column":0},"end":{"line":25,"column":2}},"13":{"start":{"line":20,"column":4},"end":{"line":20,"column":100}},"14":{"start":{"line":20,"column":51},"end":{"line":20,"column":99}},"15":{"start":{"line":21,"column":4},"end":{"line":21,"column":103}},"16":{"start":{"line":21,"column":32},"end":{"line":21,"column":102}},"17":{"start":{"line":22,"column":4},"end":{"line":22,"column":27}},"18":{"start":{"line":23,"column":18},"end":{"line":23,"column":39}},"19":{"start":{"line":24,"column":4},"end":{"line":24,"column":64}},"20":{"start":{"line":27,"column":0},"end":{"line":30,"column":2}},"21":{"start":{"line":28,"column":18},"end":{"line":28,"column":39}},"22":{"start":{"line":29,"column":4},"end":{"line":29,"column":56}},"23":{"start":{"line":32,"column":0},"end":{"line":41,"column":2}},"24":{"start":{"line":34,"column":22},"end":{"line":34,"column":38}},"25":{"start":{"line":35,"column":22},"end":{"line":35,"column":38}},"26":{"start":{"line":36,"column":8},"end":{"line":36,"column":29}},"27":{"start":{"line":39,"column":31},"end":{"line":39,"column":69}},"28":{"start":{"line":40,"column":4},"end":{"line":40,"column":30}},"29":{"start":{"line":43,"column":0},"end":{"line":45,"column":1}},"30":{"start":{"line":44,"column":4},"end":{"line":44,"column":95}},"31":{"start":{"line":44,"column":54},"end":{"line":44,"column":93}},"32":{"start":{"line":47,"column":0},"end":{"line":49,"column":1}},"33":{"start":{"line":48,"column":4},"end":{"line":48,"column":95}},"34":{"start":{"line":48,"column":54},"end":{"line":48,"column":93}},"35":{"start":{"line":51,"column":0},"end":{"line":51,"column":29}}},"fnMap":{"0":{"name":"BankAccount","decl":{"start":{"line":1,"column":9},"end":{"line":1,"column":20}},"loc":{"start":{"line":1,"column":27},"end":{"line":10,"column":1}},"line":1},"1":{"name":"(anonymous_1)","decl":{"start":{"line":3,"column":24},"end":{"line":3,"column":25}},"loc":{"start":{"line":3,"column":36},"end":{"line":7,"column":5}},"line":3},"2":{"name":"(anonymous_2)","decl":{"start":{"line":12,"column":32},"end":{"line":12,"column":33}},"loc":{"start":{"line":12,"column":50},"end":{"line":17,"column":1}},"line":12},"3":{"name":"(anonymous_3)","decl":{"start":{"line":19,"column":33},"end":{"line":19,"column":34}},"loc":{"start":{"line":19,"column":51},"end":{"line":25,"column":1}},"line":19},"4":{"name":"(anonymous_4)","decl":{"start":{"line":27,"column":37},"end":{"line":27,"column":38}},"loc":{"start":{"line":27,"column":49},"end":{"line":30,"column":1}},"line":27},"5":{"name":"(anonymous_5)","decl":{"start":{"line":32,"column":38},"end":{"line":32,"column":39}},"loc":{"start":{"line":32,"column":50},"end":{"line":41,"column":1}},"line":32},"6":{"name":"sortByMostRecent","decl":{"start":{"line":33,"column":13},"end":{"line":33,"column":29}},"loc":{"start":{"line":33,"column":36},"end":{"line":37,"column":5}},"line":33},"7":{"name":"(anonymous_7)","decl":{"start":{"line":43,"column":39},"end":{"line":43,"column":40}},"loc":{"start":{"line":43,"column":51},"end":{"line":45,"column":1}},"line":43},"8":{"name":"(anonymous_8)","decl":{"start":{"line":44,"column":39},"end":{"line":44,"column":40}},"loc":{"start":{"line":44,"column":54},"end":{"line":44,"column":93}},"line":44},"9":{"name":"(anonymous_9)","decl":{"start":{"line":47,"column":42},"end":{"line":47,"column":43}},"loc":{"start":{"line":47,"column":54},"end":{"line":49,"column":1}},"line":47},"10":{"name":"(anonymous_10)","decl":{"start":{"line":48,"column":39},"end":{"line":48,"column":40}},"loc":{"start":{"line":48,"column":54},"end":{"line":48,"column":93}},"line":48}},"branchMap":{"0":{"loc":{"start":{"line":4,"column":8},"end":{"line":6,"column":9}},"type":"if","locations":[{"start":{"line":4,"column":8},"end":{"line":6,"column":9}},{"start":{"line":4,"column":8},"end":{"line":6,"column":9}}],"line":4},"1":{"loc":{"start":{"line":13,"column":4},"end":{"line":13,"column":100}},"type":"if","locations":[{"start":{"line":13,"column":4},"end":{"line":13,"column":100}},{"start":{"line":13,"column":4},"end":{"line":13,"column":100}}],"line":13},"2":{"loc":{"start":{"line":13,"column":8},"end":{"line":13,"column":48}},"type":"binary-expr","locations":[{"start":{"line":13,"column":8},"end":{"line":13,"column":34}},{"start":{"line":13,"column":38},"end":{"line":13,"column":48}}],"line":13},"3":{"loc":{"start":{"line":20,"column":4},"end":{"line":20,"column":100}},"type":"if","locations":[{"start":{"line":20,"column":4},"end":{"line":20,"column":100}},{"start":{"line":20,"column":4},"end":{"line":20,"column":100}}],"line":20},"4":{"loc":{"start":{"line":20,"column":8},"end":{"line":20,"column":48}},"type":"binary-expr","locations":[{"start":{"line":20,"column":8},"end":{"line":20,"column":34}},{"start":{"line":20,"column":38},"end":{"line":20,"column":48}}],"line":20},"5":{"loc":{"start":{"line":21,"column":4},"end":{"line":21,"column":103}},"type":"if","locations":[{"start":{"line":21,"column":4},"end":{"line":21,"column":103}},{"start":{"line":21,"column":4},"end":{"line":21,"column":103}}],"line":21}},"s":{"0":20,"1":20,"2":5,"3":5,"4":20,"5":20,"6":1,"7":10,"8":8,"9":2,"10":2,"11":2,"12":1,"13":2,"14":0,"15":2,"16":1,"17":1,"18":1,"19":1,"20":1,"21":1,"22":1,"23":1,"24":3,"25":3,"26":3,"27":4,"28":4,"29":1,"30":1,"31":2,"32":1,"33":1,"34":2,"35":1},"f":{"0":20,"1":5,"2":10,"3":2,"4":1,"5":4,"6":3,"7":1,"8":2,"9":1,"10":2},"b":{"0":[5,0],"1":[8,2],"2":[10,4],"3":[0,2],"4":[2,2],"5":[1,1]},"_coverageSchema":"43e27e138ebf9cfc5966b082cf9a028302ed4184","hash":"21a377222877945e534110ca55f7a8bf95a0b588"}
}
