TN:
SF:/home/ian/CodeReviews/bank-account-exercise/src/bankaccount.js
FN:1,BankAccount
FN:10,(anonymous_1)
FN:17,(anonymous_2)
FN:25,(anonymous_3)
FN:31,(anonymous_4)
FN:32,sortByMostRecent
FN:42,(anonymous_6)
FN:43,(anonymous_7)
FN:46,(anonymous_8)
FN:47,(anonymous_9)
FNF:10
FNH:10
FNDA:16,BankAccount
FNDA:5,(anonymous_1)
FNDA:5,(anonymous_2)
FNDA:1,(anonymous_3)
FNDA:4,(anonymous_4)
FNDA:3,sortByMostRecent
FNDA:1,(anonymous_6)
FNDA:2,(anonymous_7)
FNDA:1,(anonymous_8)
FNDA:2,(anonymous_9)
DA:2,16
DA:3,1
DA:5,15
DA:6,15
DA:7,15
DA:10,1
DA:11,5
DA:12,3
DA:13,3
DA:14,3
DA:17,1
DA:18,5
DA:19,3
DA:20,2
DA:21,2
DA:22,2
DA:25,1
DA:26,1
DA:27,1
DA:31,1
DA:33,3
DA:34,3
DA:35,3
DA:38,4
DA:39,4
DA:42,1
DA:43,2
DA:46,1
DA:47,2
DA:50,1
LF:30
LH:30
BRDA:2,0,0,1
BRDA:2,0,1,15
BRDA:11,1,0,2
BRDA:11,1,1,3
BRDA:11,2,0,5
BRDA:11,2,1,4
BRDA:18,3,0,2
BRDA:18,3,1,3
BRDA:18,4,0,5
BRDA:18,4,1,4
BRDA:19,5,0,1
BRDA:19,5,1,2
BRF:12
BRH:12
end_of_record
