TN:
SF:/home/vitnija/Projects/bank-account-exercise/src/bankaccount.js
FN:1,BankAccount
FN:2,(anonymous_1)
FN:13,(anonymous_2)
FN:20,(anonymous_3)
FN:28,(anonymous_4)
FN:33,(anonymous_5)
FN:34,sortByMostRecent
FN:44,(anonymous_7)
FN:45,(anonymous_8)
FN:48,(anonymous_9)
FN:49,(anonymous_10)
FNF:11
FNH:11
FNDA:15,BankAccount
FNDA:3,(anonymous_1)
FNDA:5,(anonymous_2)
FNDA:5,(anonymous_3)
FNDA:1,(anonymous_4)
FNDA:4,(anonymous_5)
FNDA:3,sortByMostRecent
FNDA:1,(anonymous_7)
FNDA:2,(anonymous_8)
FNDA:1,(anonymous_9)
FNDA:2,(anonymous_10)
DA:2,15
DA:3,3
DA:4,2
DA:6,1
DA:9,15
DA:10,15
DA:13,1
DA:14,5
DA:15,3
DA:16,3
DA:17,3
DA:20,1
DA:21,5
DA:22,3
DA:23,2
DA:24,2
DA:25,2
DA:28,1
DA:29,1
DA:30,1
DA:33,1
DA:35,3
DA:36,3
DA:37,3
DA:40,4
DA:41,4
DA:44,1
DA:45,2
DA:48,1
DA:49,2
DA:52,1
LF:31
LH:31
BRDA:3,0,0,2
BRDA:3,0,1,1
BRDA:14,1,0,2
BRDA:14,1,1,3
BRDA:14,2,0,5
BRDA:14,2,1,4
BRDA:21,3,0,2
BRDA:21,3,1,3
BRDA:21,4,0,5
BRDA:21,4,1,4
BRDA:22,5,0,1
BRDA:22,5,1,2
BRF:12
BRH:12
end_of_record
